<?xml version="1.0" encoding="UTF-8" standalone="no"?>
<testsuite errors="0" failures="0" name="io.cucumber.core.plugin.JUnitFormatter" skipped="0" tests="3" time="63.663">
<testcase classname="Login Features" name="login with different user" time="26.128">
<system-out><![CDATA[Given I am able to navigate onto the login page.............................passed
When I enter the username as "Admin"........................................passed
And I enter the password as "admin123"......................................passed
And I click on the login button.............................................passed
Then I should see the username as "Welcome Linda"...........................passed
]]></system-out>
</testcase>
<testcase classname="Login Features" name="login with different user 2" time="24.398">
<system-out><![CDATA[Given I am able to navigate onto the login page.............................passed
When I enter the username as "linda.anderson"...............................passed
And I enter the password as "linda.anderson"................................passed
And I click on the login button.............................................passed
Then I should see the username as "Welcome Linda"...........................passed
]]></system-out>
</testcase>
<testcase classname="Login Features" name="Login as Negative Date" time="12.726">
<system-out><![CDATA[Given I am able to navigate onto the login page.............................passed
When I enter the username as "Linda.anderson"...............................passed
And I enter the password as "Linda.anderson"................................passed
And I click on the login button.............................................passed
Then I should see a Error message as "Invalid credentials"..................passed
]]></system-out>
</testcase>
</testsuite>
